0 info it worked if it ends with ok
1 verbose cli [ 'C:\\Program Files\\nodejs\\node.exe',
1 verbose cli   'C:\\Program Files\\nodejs\\node_modules\\npm\\bin\\npm-cli.js',
1 verbose cli   'install',
1 verbose cli   '-g',
1 verbose cli   'webpack' ]
2 info using npm@3.8.3
3 info using node@v5.10.1
4 silly loadCurrentTree Starting
5 silly install loadCurrentTree
6 silly install readGlobalPackageData
7 silly fetchPackageMetaData webpack
8 silly fetchNamedPackageData webpack
9 silly mapToRegistry name webpack
10 silly mapToRegistry using default registry
11 silly mapToRegistry registry https://registry.npmjs.org/
12 silly mapToRegistry data Result {
12 silly mapToRegistry   raw: 'webpack',
12 silly mapToRegistry   scope: null,
12 silly mapToRegistry   name: 'webpack',
12 silly mapToRegistry   rawSpec: '',
12 silly mapToRegistry   spec: 'latest',
12 silly mapToRegistry   type: 'tag' }
13 silly mapToRegistry uri https://registry.npmjs.org/webpack
14 verbose request uri https://registry.npmjs.org/webpack
15 verbose request no auth needed
16 info attempt registry request try #1 at 23:47:03
17 verbose request id de439684d136d2fe
18 http request GET https://registry.npmjs.org/webpack
19 http 200 https://registry.npmjs.org/webpack
20 verbose headers { server: 'CouchDB/1.5.0 (Erlang OTP/R16B03)',
20 verbose headers   etag: '"BBJPWKVXIERMVTJYAK1H6MOMQ"',
20 verbose headers   'content-type': 'application/json',
20 verbose headers   'content-encoding': 'gzip',
20 verbose headers   'cache-control': 'max-age=300',
20 verbose headers   'content-length': '60998',
20 verbose headers   'accept-ranges': 'bytes',
20 verbose headers   date: 'Sat, 07 May 2016 15:47:20 GMT',
20 verbose headers   via: '1.1 varnish',
20 verbose headers   age: '172',
20 verbose headers   connection: 'keep-alive',
20 verbose headers   'x-served-by': 'cache-nrt6121-NRT',
20 verbose headers   'x-cache': 'HIT',
20 verbose headers   'x-cache-hits': '1',
20 verbose headers   'x-timer': 'S1462636040.723283,VS0,VE0',
20 verbose headers   vary: 'Accept-Encoding' }
21 silly get cb [ 200,
21 silly get   { server: 'CouchDB/1.5.0 (Erlang OTP/R16B03)',
21 silly get     etag: '"BBJPWKVXIERMVTJYAK1H6MOMQ"',
21 silly get     'content-type': 'application/json',
21 silly get     'content-encoding': 'gzip',
21 silly get     'cache-control': 'max-age=300',
21 silly get     'content-length': '60998',
21 silly get     'accept-ranges': 'bytes',
21 silly get     date: 'Sat, 07 May 2016 15:47:20 GMT',
21 silly get     via: '1.1 varnish',
21 silly get     age: '172',
21 silly get     connection: 'keep-alive',
21 silly get     'x-served-by': 'cache-nrt6121-NRT',
21 silly get     'x-cache': 'HIT',
21 silly get     'x-cache-hits': '1',
21 silly get     'x-timer': 'S1462636040.723283,VS0,VE0',
21 silly get     vary: 'Accept-Encoding' } ]
22 verbose get saving webpack to C:\Program Files\nodejs\node_cache\registry.npmjs.org\webpack\.cache.json
23 verbose correctMkdir C:\Program Files\nodejs\node_cache correctMkdir not in flight; initializing
24 silly install normalizeTree
25 silly loadCurrentTree Finishing
26 silly loadIdealTree Starting
27 silly install loadIdealTree
28 silly cloneCurrentTree Starting
29 silly install cloneCurrentTreeToIdealTree
30 silly cloneCurrentTree Finishing
31 silly loadShrinkwrap Starting
32 silly install loadShrinkwrap
33 silly loadShrinkwrap Finishing
34 silly loadAllDepsIntoIdealTree Starting
35 silly install loadAllDepsIntoIdealTree
36 silly resolveWithNewModule webpack@1.13.0 checking installable status
37 silly cache add args [ 'webpack', null ]
38 verbose cache add spec webpack
39 silly cache add parsed spec Result {
39 silly cache add   raw: 'webpack',
39 silly cache add   scope: null,
39 silly cache add   name: 'webpack',
39 silly cache add   rawSpec: '',
39 silly cache add   spec: 'latest',
39 silly cache add   type: 'tag' }
40 silly addNamed webpack@latest
41 verbose addNamed "latest" is being treated as a dist-tag for webpack
42 info addNameTag [ 'webpack', 'latest' ]
43 silly mapToRegistry name webpack
44 silly mapToRegistry using default registry
45 silly mapToRegistry registry https://registry.npmjs.org/
46 silly mapToRegistry data Result {
46 silly mapToRegistry   raw: 'webpack',
46 silly mapToRegistry   scope: null,
46 silly mapToRegistry   name: 'webpack',
46 silly mapToRegistry   rawSpec: '',
46 silly mapToRegistry   spec: 'latest',
46 silly mapToRegistry   type: 'tag' }
47 silly mapToRegistry uri https://registry.npmjs.org/webpack
48 verbose addNameTag registry:https://registry.npmjs.org/webpack not in flight; fetching
49 verbose get https://registry.npmjs.org/webpack not expired, no request
50 silly addNameTag next cb for webpack with tag latest
51 silly addNamed webpack@1.13.0
52 verbose addNamed "1.13.0" is a plain semver version for webpack
53 silly mapToRegistry name webpack
54 silly mapToRegistry using default registry
55 silly mapToRegistry registry https://registry.npmjs.org/
56 silly mapToRegistry data Result {
56 silly mapToRegistry   raw: 'webpack',
56 silly mapToRegistry   scope: null,
56 silly mapToRegistry   name: 'webpack',
56 silly mapToRegistry   rawSpec: '',
56 silly mapToRegistry   spec: 'latest',
56 silly mapToRegistry   type: 'tag' }
57 silly mapToRegistry uri https://registry.npmjs.org/webpack
58 verbose addRemoteTarball https://registry.npmjs.org/webpack/-/webpack-1.13.0.tgz not in flight; adding
59 verbose addRemoteTarball [ 'https://registry.npmjs.org/webpack/-/webpack-1.13.0.tgz',
59 verbose addRemoteTarball   'aad3d34f0b7202dd55b17a6a6cebf4dbbe72272a' ]
60 info retry fetch attempt 1 at 23:47:06
61 info attempt registry request try #1 at 23:47:06
62 http fetch GET https://registry.npmjs.org/webpack/-/webpack-1.13.0.tgz
63 http fetch 200 https://registry.npmjs.org/webpack/-/webpack-1.13.0.tgz
64 silly fetchAndShaCheck shasum aad3d34f0b7202dd55b17a6a6cebf4dbbe72272a
65 verbose addTmpTarball C:\Users\Jarson\AppData\Local\Temp\npm-61096-7e9d25db\registry.npmjs.org\webpack\-\webpack-1.13.0.tgz not in flight; adding
66 verbose addTmpTarball already have metadata; skipping unpack for webpack@1.13.0
67 verbose correctMkdir C:\Program Files\nodejs\node_cache correctMkdir not in flight; initializing
68 silly rollbackFailedOptional Starting
69 silly rollbackFailedOptional Finishing
70 silly runTopLevelLifecycles Starting
71 silly runTopLevelLifecycles Finishing
72 silly install printInstalled
73 verbose stack Error: EPERM: operation not permitted, mkdir 'C:\Program Files\nodejs\node_cache\webpack'
73 verbose stack     at Error (native)
74 verbose cwd C:\Users\Jarson\Desktop\workspace\reactDemo
75 error Windows_NT 6.3.9600
76 error argv "C:\\Program Files\\nodejs\\node.exe" "C:\\Program Files\\nodejs\\node_modules\\npm\\bin\\npm-cli.js" "install" "-g" "webpack"
77 error node v5.10.1
78 error npm  v3.8.3
79 error path C:\Program Files\nodejs\node_cache\webpack
80 error code EPERM
81 error errno -4048
82 error syscall mkdir
83 error Error: EPERM: operation not permitted, mkdir 'C:\Program Files\nodejs\node_cache\webpack'
83 error     at Error (native)
83 error  { [Error: EPERM: operation not permitted, mkdir 'C:\Program Files\nodejs\node_cache\webpack']
83 error   errno: -4048,
83 error   code: 'EPERM',
83 error   syscall: 'mkdir',
83 error   path: 'C:\\Program Files\\nodejs\\node_cache\\webpack' }
84 error Please try running this command again as root/Administrator.
85 verbose exit [ -4048, true ]
